app/build/intermediates/manifest_merge_blame_file/debug/manifest-merger-blame-debug-report.txt
1<?xml version="1.0" encoding="utf-8"?>
2<!--
3    ~ Copyright 2022 The TensorFlow Authors. All Rights Reserved.
4    ~
5    ~ Licensed under the Apache License, Version 2.0 (the "License");
6    ~ you may not use this file except in compliance with the License.
7    ~ You may obtain a copy of the License at
8    ~
9    ~       http://www.apache.org/licenses/LICENSE-2.0
10    ~
11    ~ Unless required by applicable law or agreed to in writing, software
12    ~ distributed under the License is distributed on an "AS IS" BASIS,
13    ~ WITHOUT WARRANTIES OR CONDITIONS OF ANY KIND, either express or implied.
14    ~ See the License for the specific language governing permissions and
15    ~ limitations under the License.
16-->
17<manifest xmlns:android="http://schemas.android.com/apk/res/android"
18    xmlns:dist="http://schemas.android.com/apk/distribution"
19    package="com.qali.menu"
20    android:versionCode="1"
21    android:versionName="1.0.0" >
22
23    <uses-sdk
24        android:minSdkVersion="24"
25        android:targetSdkVersion="33" />
26
27    <!-- Enable instant app support -->
28    <dist:module dist:instant="true" />
28-->src/main/AndroidManifest.xml:22:5-40
28-->src/main/AndroidManifest.xml:22:18-37
29
30    <!-- Declare features -->
31    <uses-feature android:name="android.hardware.camera" />
31-->src/main/AndroidManifest.xml:25:5-60
31-->src/main/AndroidManifest.xml:25:19-57
32
33    <!-- Declare permissions -->
34    <uses-permission android:name="android.permission.CAMERA" />
34-->src/main/AndroidManifest.xml:28:5-65
34-->src/main/AndroidManifest.xml:28:22-62
35    <uses-permission android:name="android.permission.INTERNET" />
35-->src/main/AndroidManifest.xml:29:5-67
35-->src/main/AndroidManifest.xml:29:22-64
36    <uses-permission android:name="android.permission.ACCESS_NETWORK_STATE" />
36-->src/main/AndroidManifest.xml:30:5-79
36-->src/main/AndroidManifest.xml:30:22-76
37    <uses-permission android:name="android.permission.WRITE_EXTERNAL_STORAGE" />
37-->src/main/AndroidManifest.xml:31:5-81
37-->src/main/AndroidManifest.xml:31:22-78
38    <uses-permission android:name="android.permission.READ_EXTERNAL_STORAGE" />
38-->src/main/AndroidManifest.xml:32:5-80
38-->src/main/AndroidManifest.xml:32:22-77
39
40    <!-- AR Features -->
41    <uses-feature
41-->src/main/AndroidManifest.xml:35:5-87
42        android:name="android.hardware.camera.ar"
42-->src/main/AndroidManifest.xml:35:19-60
43        android:required="true" />
43-->src/main/AndroidManifest.xml:35:61-84
44    <uses-feature
44-->src/main/AndroidManifest.xml:36:5-95
45        android:name="android.hardware.camera.autofocus"
45-->src/main/AndroidManifest.xml:36:19-67
46        android:required="false" />
46-->src/main/AndroidManifest.xml:36:68-92
47
48    <permission
48-->[androidx.core:core:1.10.1] AndroidManifest.xml:22:5-24:47
49        android:name="com.qali.menu.DYNAMIC_RECEIVER_NOT_EXPORTED_PERMISSION"
49-->[androidx.core:core:1.10.1] AndroidManifest.xml:23:9-81
50        android:protectionLevel="signature" />
50-->[androidx.core:core:1.10.1] AndroidManifest.xml:24:9-44
51
52    <uses-permission android:name="com.qali.menu.DYNAMIC_RECEIVER_NOT_EXPORTED_PERMISSION" />
52-->[androidx.core:core:1.10.1] AndroidManifest.xml:26:5-97
52-->[androidx.core:core:1.10.1] AndroidManifest.xml:26:22-94
53
54    <queries>
54-->[com.google.ar:core:1.40.0] AndroidManifest.xml:20:5-22:15
55        <package android:name="com.google.ar.core" />
55-->[com.google.ar:core:1.40.0] AndroidManifest.xml:21:9-54
55-->[com.google.ar:core:1.40.0] AndroidManifest.xml:21:18-51
56    </queries>
57
58    <application
58-->src/main/AndroidManifest.xml:38:5-72:19
59        android:allowBackup="true"
59-->src/main/AndroidManifest.xml:39:9-35
60        android:appComponentFactory="androidx.core.app.CoreComponentFactory"
60-->[androidx.core:core:1.10.1] AndroidManifest.xml:28:18-86
61        android:debuggable="true"
62        android:extractNativeLibs="false"
63        android:icon="@mipmap/ic_launcher"
63-->src/main/AndroidManifest.xml:40:9-43
64        android:label="@string/app_name"
64-->src/main/AndroidManifest.xml:41:9-41
65        android:roundIcon="@mipmap/ic_launcher_round"
65-->src/main/AndroidManifest.xml:42:9-54
66        android:taskAffinity="" >
66-->src/main/AndroidManifest.xml:43:9-32
67
68        <!-- AR Core -->
69        <meta-data
69-->src/main/AndroidManifest.xml:47:9-81
70            android:name="com.google.ar.core"
70-->src/main/AndroidManifest.xml:47:20-53
71            android:value="required" />
71-->src/main/AndroidManifest.xml:47:54-78
72
73        <activity
73-->src/main/AndroidManifest.xml:49:9-70:20
74            android:name="com.qali.menu.MainActivity"
74-->src/main/AndroidManifest.xml:50:13-41
75            android:clearTaskOnLaunch="true"
75-->src/main/AndroidManifest.xml:51:13-45
76            android:exported="true"
76-->src/main/AndroidManifest.xml:52:13-36
77            android:icon="@mipmap/ic_launcher"
77-->src/main/AndroidManifest.xml:53:13-47
78            android:resizeableActivity="true"
78-->src/main/AndroidManifest.xml:54:13-46
79            android:rotationAnimation="seamless"
79-->src/main/AndroidManifest.xml:55:13-49
80            android:theme="@style/AppTheme" >
80-->src/main/AndroidManifest.xml:56:13-44
81
82            <!-- Main app intent filter -->
83            <intent-filter>
83-->src/main/AndroidManifest.xml:60:13-63:29
84                <action android:name="android.intent.action.MAIN" />
84-->src/main/AndroidManifest.xml:61:17-69
84-->src/main/AndroidManifest.xml:61:25-66
85
86                <category android:name="android.intent.category.LAUNCHER" />
86-->src/main/AndroidManifest.xml:62:17-77
86-->src/main/AndroidManifest.xml:62:27-74
87            </intent-filter>
88
89            <!-- Declare notch support -->
90            <meta-data
90-->src/main/AndroidManifest.xml:66:13-68:40
91                android:name="android.notch_support"
91-->src/main/AndroidManifest.xml:67:17-53
92                android:value="true" />
92-->src/main/AndroidManifest.xml:68:17-37
93        </activity>
94
95        <service
95-->[androidx.camera:camera-camera2:1.2.3] AndroidManifest.xml:24:9-33:19
96            android:name="androidx.camera.core.impl.MetadataHolderService"
96-->[androidx.camera:camera-camera2:1.2.3] AndroidManifest.xml:25:13-75
97            android:enabled="false"
97-->[androidx.camera:camera-camera2:1.2.3] AndroidManifest.xml:26:13-36
98            android:exported="false" >
98-->[androidx.camera:camera-camera2:1.2.3] AndroidManifest.xml:27:13-37
99            <meta-data
99-->[androidx.camera:camera-camera2:1.2.3] AndroidManifest.xml:30:13-32:89
100                android:name="androidx.camera.core.impl.MetadataHolderService.DEFAULT_CONFIG_PROVIDER"
100-->[androidx.camera:camera-camera2:1.2.3] AndroidManifest.xml:31:17-103
101                android:value="androidx.camera.camera2.Camera2Config$DefaultProvider" />
101-->[androidx.camera:camera-camera2:1.2.3] AndroidManifest.xml:32:17-86
102        </service>
103
104        <uses-library
104-->[androidx.window:window:1.1.0] AndroidManifest.xml:23:9-25:40
105            android:name="androidx.window.extensions"
105-->[androidx.window:window:1.1.0] AndroidManifest.xml:24:13-54
106            android:required="false" />
106-->[androidx.window:window:1.1.0] AndroidManifest.xml:25:13-37
107        <uses-library
107-->[androidx.window:window:1.1.0] AndroidManifest.xml:26:9-28:40
108            android:name="androidx.window.sidecar"
108-->[androidx.window:window:1.1.0] AndroidManifest.xml:27:13-51
109            android:required="false" />
109-->[androidx.window:window:1.1.0] AndroidManifest.xml:28:13-37
110
111        <provider
111-->[androidx.emoji2:emoji2:1.2.0] AndroidManifest.xml:24:9-32:20
112            android:name="androidx.startup.InitializationProvider"
112-->[androidx.emoji2:emoji2:1.2.0] AndroidManifest.xml:25:13-67
113            android:authorities="com.qali.menu.androidx-startup"
113-->[androidx.emoji2:emoji2:1.2.0] AndroidManifest.xml:26:13-68
114            android:exported="false" >
114-->[androidx.emoji2:emoji2:1.2.0] AndroidManifest.xml:27:13-37
115            <meta-data
115-->[androidx.emoji2:emoji2:1.2.0] AndroidManifest.xml:29:13-31:52
116                android:name="androidx.emoji2.text.EmojiCompatInitializer"
116-->[androidx.emoji2:emoji2:1.2.0] AndroidManifest.xml:30:17-75
117                android:value="androidx.startup" />
117-->[androidx.emoji2:emoji2:1.2.0] AndroidManifest.xml:31:17-49
118            <meta-data
118-->[androidx.lifecycle:lifecycle-process:2.6.2] AndroidManifest.xml:29:13-31:52
119                android:name="androidx.lifecycle.ProcessLifecycleInitializer"
119-->[androidx.lifecycle:lifecycle-process:2.6.2] AndroidManifest.xml:30:17-78
120                android:value="androidx.startup" />
120-->[androidx.lifecycle:lifecycle-process:2.6.2] AndroidManifest.xml:31:17-49
121            <meta-data
121-->[androidx.profileinstaller:profileinstaller:1.3.0] AndroidManifest.xml:29:13-31:52
122                android:name="androidx.profileinstaller.ProfileInstallerInitializer"
122-->[androidx.profileinstaller:profileinstaller:1.3.0] AndroidManifest.xml:30:17-85
123                android:value="androidx.startup" />
123-->[androidx.profileinstaller:profileinstaller:1.3.0] AndroidManifest.xml:31:17-49
124        </provider> <!-- The minimal version code of ARCore APK required for an app using this SDK. -->
125        <meta-data
125-->[com.google.ar:core:1.40.0] AndroidManifest.xml:27:9-29:41
126            android:name="com.google.ar.core.min_apk_version"
126-->[com.google.ar:core:1.40.0] AndroidManifest.xml:28:13-62
127            android:value="232050000" /> <!-- This activity is critical for installing ARCore when it is not already present. -->
127-->[com.google.ar:core:1.40.0] AndroidManifest.xml:29:13-38
128        <activity
128-->[com.google.ar:core:1.40.0] AndroidManifest.xml:31:9-37:80
129            android:name="com.google.ar.core.InstallActivity"
129-->[com.google.ar:core:1.40.0] AndroidManifest.xml:32:13-62
130            android:configChanges="keyboardHidden|orientation|screenSize"
130-->[com.google.ar:core:1.40.0] AndroidManifest.xml:33:13-74
131            android:excludeFromRecents="true"
131-->[com.google.ar:core:1.40.0] AndroidManifest.xml:34:13-46
132            android:exported="false"
132-->[com.google.ar:core:1.40.0] AndroidManifest.xml:35:13-37
133            android:launchMode="singleTop"
133-->[com.google.ar:core:1.40.0] AndroidManifest.xml:36:13-43
134            android:theme="@android:style/Theme.Material.Light.Dialog.Alert" />
134-->[com.google.ar:core:1.40.0] AndroidManifest.xml:37:13-77
135
136        <receiver
136-->[androidx.profileinstaller:profileinstaller:1.3.0] AndroidManifest.xml:34:9-52:20
137            android:name="androidx.profileinstaller.ProfileInstallReceiver"
137-->[androidx.profileinstaller:profileinstaller:1.3.0] AndroidManifest.xml:35:13-76
138            android:directBootAware="false"
138-->[androidx.profileinstaller:profileinstaller:1.3.0] AndroidManifest.xml:36:13-44
139            android:enabled="true"
139-->[androidx.profileinstaller:profileinstaller:1.3.0] AndroidManifest.xml:37:13-35
140            android:exported="true"
140-->[androidx.profileinstaller:profileinstaller:1.3.0] AndroidManifest.xml:38:13-36
141            android:permission="android.permission.DUMP" >
141-->[androidx.profileinstaller:profileinstaller:1.3.0] AndroidManifest.xml:39:13-57
142            <intent-filter>
142-->[androidx.profileinstaller:profileinstaller:1.3.0] AndroidManifest.xml:40:13-42:29
143                <action android:name="androidx.profileinstaller.action.INSTALL_PROFILE" />
143-->[androidx.profileinstaller:profileinstaller:1.3.0] AndroidManifest.xml:41:17-91
143-->[androidx.profileinstaller:profileinstaller:1.3.0] AndroidManifest.xml:41:25-88
144            </intent-filter>
145            <intent-filter>
145-->[androidx.profileinstaller:profileinstaller:1.3.0] AndroidManifest.xml:43:13-45:29
146                <action android:name="androidx.profileinstaller.action.SKIP_FILE" />
146-->[androidx.profileinstaller:profileinstaller:1.3.0] AndroidManifest.xml:44:17-85
146-->[androidx.profileinstaller:profileinstaller:1.3.0] AndroidManifest.xml:44:25-82
147            </intent-filter>
148            <intent-filter>
148-->[androidx.profileinstaller:profileinstaller:1.3.0] AndroidManifest.xml:46:13-48:29
149                <action android:name="androidx.profileinstaller.action.SAVE_PROFILE" />
149-->[androidx.profileinstaller:profileinstaller:1.3.0] AndroidManifest.xml:47:17-88
149-->[androidx.profileinstaller:profileinstaller:1.3.0] AndroidManifest.xml:47:25-85
150            </intent-filter>
151            <intent-filter>
151-->[androidx.profileinstaller:profileinstaller:1.3.0] AndroidManifest.xml:49:13-51:29
152                <action android:name="androidx.profileinstaller.action.BENCHMARK_OPERATION" />
152-->[androidx.profileinstaller:profileinstaller:1.3.0] AndroidManifest.xml:50:17-95
152-->[androidx.profileinstaller:profileinstaller:1.3.0] AndroidManifest.xml:50:25-92
153            </intent-filter>
154        </receiver>
155
156        <service
156-->[com.google.android.datatransport:transport-backend-cct:3.1.0] AndroidManifest.xml:29:9-35:19
157            android:name="com.google.android.datatransport.runtime.backends.TransportBackendDiscovery"
157-->[com.google.android.datatransport:transport-backend-cct:3.1.0] AndroidManifest.xml:30:13-103
158            android:exported="false" >
158-->[com.google.android.datatransport:transport-backend-cct:3.1.0] AndroidManifest.xml:31:13-37
159            <meta-data
159-->[com.google.android.datatransport:transport-backend-cct:3.1.0] AndroidManifest.xml:32:13-34:39
160                android:name="backend:com.google.android.datatransport.cct.CctBackendFactory"
160-->[com.google.android.datatransport:transport-backend-cct:3.1.0] AndroidManifest.xml:33:17-94
161                android:value="cct" />
161-->[com.google.android.datatransport:transport-backend-cct:3.1.0] AndroidManifest.xml:34:17-36
162        </service>
163        <service
163-->[com.google.android.datatransport:transport-runtime:3.1.0] AndroidManifest.xml:26:9-30:19
164            android:name="com.google.android.datatransport.runtime.scheduling.jobscheduling.JobInfoSchedulerService"
164-->[com.google.android.datatransport:transport-runtime:3.1.0] AndroidManifest.xml:27:13-117
165            android:exported="false"
165-->[com.google.android.datatransport:transport-runtime:3.1.0] AndroidManifest.xml:28:13-37
166            android:permission="android.permission.BIND_JOB_SERVICE" >
166-->[com.google.android.datatransport:transport-runtime:3.1.0] AndroidManifest.xml:29:13-69
167        </service>
168
169        <receiver
169-->[com.google.android.datatransport:transport-runtime:3.1.0] AndroidManifest.xml:32:9-34:40
170            android:name="com.google.android.datatransport.runtime.scheduling.jobscheduling.AlarmManagerSchedulerBroadcastReceiver"
170-->[com.google.android.datatransport:transport-runtime:3.1.0] AndroidManifest.xml:33:13-132
171            android:exported="false" />
171-->[com.google.android.datatransport:transport-runtime:3.1.0] AndroidManifest.xml:34:13-37
172    </application>
173
174</manifest>